  pch.cpp
  MatrixUnitTest.cpp
C:\Users\Charlie\source\repos\EstructuraDeDatos\MatrixApp\MatrixApp\Validacion.h(32,21): warning C4018: '<': signed/unsigned mismatch
C:\Users\Charlie\source\repos\EstructuraDeDatos\MatrixApp\MatrixApp\Validacion.h(47,13): warning C4101: 'e': unreferenced local variable
C:\Users\Charlie\source\repos\EstructuraDeDatos\MatrixApp\MatrixApp\OperationMatrix.h(18,30): error C3646: 'multiplySameMatrix': unknown override specifier
C:\Users\Charlie\source\repos\EstructuraDeDatos\MatrixApp\MatrixApp\OperationMatrix.h(18,30): error C2059: syntax error: '('
C:\Users\Charlie\source\repos\EstructuraDeDatos\MatrixApp\MatrixApp\OperationMatrix.h(18,43): error C2238: unexpected token(s) preceding ';'
C:\Users\Charlie\source\repos\EstructuraDeDatos\MatrixApp\MatrixApp\OperationMatrix.h(25,25): error C2039: 'multiplySameMatrix': is not a member of 'OperationMatrix'
C:\Users\Charlie\source\repos\EstructuraDeDatos\MatrixApp\MatrixApp\OperationMatrix.h(15): message : see declaration of 'OperationMatrix'
C:\Users\Charlie\source\repos\EstructuraDeDatos\MatrixApp\MatrixApp\OperationMatrix.h(25,43): error C4430: missing type specifier - int assumed. Note: C++ does not support default-int
C:\Users\Charlie\source\repos\EstructuraDeDatos\MatrixApp\MatrixApp\OperationMatrix.h(25,43): error C2146: syntax error: missing ';' before identifier 'multiplySameMatrix'
C:\Users\Charlie\source\repos\EstructuraDeDatos\MatrixApp\MatrixApp\OperationMatrix.h(25,70): error C2143: syntax error: missing ';' before '{'
C:\Users\Charlie\source\repos\EstructuraDeDatos\MatrixApp\MatrixApp\OperationMatrix.h(25,70): error C2447: '{': missing function header (old-style formal list?)
C:\Users\Charlie\source\repos\EstructuraDeDatos\MatrixApp\MatrixUnitTest\MatrixUnitTest.cpp(15,11): error C2146: syntax error: missing ';' before identifier 'matrix'
C:\Users\Charlie\source\repos\EstructuraDeDatos\MatrixApp\MatrixUnitTest\MatrixUnitTest.cpp(15,11): error C3861: 'matrix': identifier not found
C:\Users\Charlie\source\repos\EstructuraDeDatos\MatrixApp\MatrixUnitTest\MatrixUnitTest.cpp(16,4): error C2065: 'matrix': undeclared identifier
C:\Users\Charlie\source\repos\EstructuraDeDatos\MatrixApp\MatrixUnitTest\MatrixUnitTest.cpp(25,31): error C2065: 'matrix': undeclared identifier
C:\Users\Charlie\source\repos\EstructuraDeDatos\MatrixApp\MatrixUnitTest\MatrixUnitTest.cpp(25,1): error C2661: 'Microsoft::VisualStudio::CppUnitTestFramework::Assert::AreEqual': no overloaded function takes 1 arguments
